-1 0.0094254
-0.998 0.0094254
-0.996 0.0188484
-0.994 0.0282706
-0.992 0.0376902
-0.99 0.0471064
-0.988 0.0565185
-0.986 0.0659256
-0.984 0.0753268
-0.982 0.0847213
-0.98 0.0941083
-0.978 0.103487
-0.976 0.112856
-0.974 0.122216
-0.972 0.131564
-0.97 0.140901
-0.968 0.150226
-0.966 0.159537
-0.964 0.168833
-0.962 0.178115
-0.96 0.187381
-0.958 0.196631
-0.956 0.205863
-0.954 0.215076
-0.952 0.224271
-0.95 0.233445
-0.948 0.242599
-0.946 0.251732
-0.944 0.260841
-0.942 0.269928
-0.94 0.278991
-0.938 0.288029
-0.936 0.297042
-0.934 0.306028
-0.932 0.314986
-0.93 0.323917
-0.928 0.33282
-0.926 0.341692
-0.924 0.350534
-0.922 0.359345
-0.92 0.368125
-0.918 0.376871
-0.916 0.385584
-0.914 0.394263
-0.912 0.402906
-0.91 0.411514
-0.908 0.420086
-0.906 0.42862
-0.904 0.437116
-0.902 0.445573
-0.9 0.45399
-0.898 0.462368
-0.896 0.470704
-0.894 0.478998
-0.892 0.48725
-0.89 0.495459
-0.888 0.503623
-0.886 0.511743
-0.884 0.519817
-0.882 0.527845
-0.88 0.535827
-0.878 0.54376
-0.876 0.551646
-0.874 0.559482
-0.872 0.567269
-0.87 0.575005
-0.868 0.58269
-0.866 0.590324
-0.864 0.597905
-0.862 0.605433
-0.86 0.612907
-0.858 0.620327
-0.856 0.627691
-0.854 0.635
-0.852 0.642253
-0.85 0.649448
-0.848 0.656586
-0.846 0.663665
-0.844 0.670686
-0.842 0.677646
-0.84 0.684547
-0.838 0.691387
-0.836 0.698165
-0.834 0.704882
-0.832 0.711536
-0.83 0.718126
-0.828 0.724653
-0.826 0.731116
-0.824 0.737513
-0.822 0.743845
-0.82 0.750111
-0.818 0.75631
-0.816 0.762442
-0.814 0.768507
-0.812 0.774503
-0.81 0.78043
-0.808 0.786288
-0.806 0.792077
-0.804 0.797794
-0.802 0.803441
-0.8 0.809017
-0.798 0.814521
-0.796 0.819952
-0.794 0.825311
-0.792 0.830596
-0.79 0.835807
-0.788 0.840944
-0.786 0.846007
-0.784 0.850994
-0.782 0.855906
-0.78 0.860742
-0.778 0.865501
-0.776 0.870184
-0.774 0.874789
-0.772 0.879316
-0.77 0.883766
-0.768 0.888136
-0.766 0.892428
-0.764 0.896641
-0.762 0.900774
-0.76 0.904827
-0.758 0.9088
-0.756 0.912691
-0.754 0.916502
-0.752 0.920232
-0.75 0.923879
-0.748 0.927445
-0.746 0.930928
-0.744 0.934329
-0.742 0.937646
-0.74 0.940881
-0.738 0.944031
-0.736 0.947098
-0.734 0.950081
-0.732 0.952979
-0.73 0.955793
-0.728 0.958522
-0.726 0.961165
-0.724 0.963724
-0.722 0.966196
-0.72 0.968583
-0.718 0.970884
-0.716 0.973098
-0.714 0.975227
-0.712 0.977268
-0.71 0.979223
-0.708 0.98109
-0.706 0.982871
-0.704 0.984564
-0.702 0.98617
-0.7 0.987688
-0.698 0.989119
-0.696 0.990461
-0.694 0.991716
-0.692 0.992883
-0.69 0.993961
-0.688 0.994951
-0.686 0.995853
-0.684 0.996666
-0.682 0.997391
-0.68 0.998027
-0.678 0.998574
-0.676 0.999033
-0.674 0.999403
-0.672 0.999684
-0.67 0.999877
-0.668 0.99998
-0.666 0.999995
-0.664 0.999921
-0.662 0.999758
-0.66 0.999506
-0.658 0.999166
-0.656 0.998737
-0.654 0.998219
-0.652 0.997612
-0.65 0.996917
-0.648 0.996134
-0.646 0.995261
-0.644 0.994301
-0.642 0.993252
-0.64 0.992115
-0.638 0.990889
-0.636 0.989576
-0.634 0.988175
-0.632 0.986686
-0.63 0.985109
-0.628 0.983445
-0.626 0.981694
-0.624 0.979855
-0.622 0.977929
-0.62 0.975917
-0.618 0.973817
-0.616 0.971632
-0.614 0.96936
-0.612 0.967001
-0.61 0.964557
-0.608 0.962028
-0.606 0.959412
-0.604 0.956712
-0.602 0.953927
-0.6 0.951056
-0.598 0.948102
-0.596 0.945063
-0.594 0.94194
-0.592 0.938734
-0.59 0.935444
-0.588 0.932071
-0.586 0.928615
-0.584 0.925077
-0.582 0.921457
-0.58 0.917755
-0.578 0.913971
-0.576 0.910106
-0.574 0.90616
-0.572 0.902134
-0.57 0.898028
-0.568 0.893841
-0.566 0.889576
-0.564 0.885231
-0.562 0.880808
-0.56 0.876307
-0.558 0.871727
-0.556 0.867071
-0.554 0.862337
-0.552 0.857527
-0.55 0.85264
-0.548 0.847678
-0.546 0.84264
-0.544 0.837528
-0.542 0.832341
-0.54 0.827081
-0.538 0.821746
-0.536 0.816339
-0.534 0.81086
-0.532 0.805308
-0.53 0.799685
-0.528 0.79399
-0.526 0.788226
-0.524 0.782391
-0.522 0.776486
-0.52 0.770513
-0.518 0.764471
-0.516 0.758362
-0.514 0.752185
-0.512 0.745941
-0.51 0.739631
-0.508 0.733255
-0.506 0.726814
-0.504 0.720309
-0.502 0.71374
-0.5 0.707107
-0.498 0.700411
-0.496 0.693653
-0.494 0.686834
-0.492 0.679953
-0.49 0.673012
-0.488 0.666012
-0.486 0.658952
-0.484 0.651834
-0.482 0.644657
-0.48 0.637424
-0.478 0.630134
-0.476 0.622788
-0.474 0.615386
-0.472 0.60793
-0.47 0.60042
-0.468 0.592857
-0.466 0.585241
-0.464 0.577573
-0.462 0.569853
-0.46 0.562083
-0.458 0.554263
-0.456 0.546394
-0.454 0.538477
-0.452 0.530511
-0.45 0.522499
-0.448 0.51444
-0.446 0.506335
-0.444 0.498185
-0.442 0.489991
-0.44 0.481754
-0.438 0.473473
-0.436 0.465151
-0.434 0.456787
-0.432 0.448383
-0.43 0.439939
-0.428 0.431456
-0.426 0.422935
-0.424 0.414376
-0.422 0.40578
-0.42 0.397148
-0.418 0.388481
-0.416 0.379779
-0.414 0.371044
-0.412 0.362275
-0.41 0.353475
-0.408 0.344643
-0.406 0.33578
-0.404 0.326888
-0.402 0.317967
-0.4 0.309017
-0.398 0.30004
-0.396 0.291036
-0.394 0.282007
-0.392 0.272952
-0.39 0.263873
-0.388 0.254771
-0.386 0.245646
-0.384 0.236499
-0.382 0.227331
-0.38 0.218143
-0.378 0.208936
-0.376 0.19971
-0.374 0.190466
-0.372 0.181206
-0.37 0.171929
-0.368 0.162637
-0.366 0.153331
-0.364 0.144011
-0.362 0.134678
-0.36 0.125333
-0.358 0.115977
-0.356 0.106611
-0.354 0.0972355
-0.352 0.0878512
-0.35 0.0784591
-0.348 0.0690601
-0.346 0.0596549
-0.344 0.0502444
-0.342 0.0408294
-0.34 0.0314108
-0.338 0.0219894
-0.336 0.0125661
-0.334 0.00314163
-0.332 -0.0062831
-0.33 -0.0157073
-0.328 -0.0251301
-0.326 -0.0345506
-0.324 -0.0439681
-0.322 -0.0533816
-0.32 -0.0627905
-0.318 -0.0721937
-0.316 -0.0815906
-0.314 -0.0909802
-0.312 -0.100362
-0.31 -0.109734
-0.308 -0.119097
-0.306 -0.128449
-0.304 -0.13779
-0.302 -0.147119
-0.3 -0.156434
-0.298 -0.165736
-0.296 -0.175023
-0.294 -0.184294
-0.292 -0.193549
-0.29 -0.202787
-0.288 -0.212007
-0.286 -0.221208
-0.284 -0.230389
-0.282 -0.23955
-0.28 -0.24869
-0.278 -0.257807
-0.276 -0.266902
-0.274 -0.275973
-0.272 -0.285019
-0.27 -0.29404
-0.268 -0.303035
-0.266 -0.312003
-0.264 -0.320944
-0.262 -0.329855
-0.26 -0.338738
-0.258 -0.34759
-0.256 -0.356412
-0.254 -0.365202
-0.252 -0.373959
-0.25 -0.382683
-0.248 -0.391374
-0.246 -0.400029
-0.244 -0.408649
-0.242 -0.417233
-0.24 -0.425779
-0.238 -0.434288
-0.236 -0.442758
-0.234 -0.451189
-0.232 -0.45958
-0.23 -0.46793
-0.228 -0.476238
-0.226 -0.484504
-0.224 -0.492727
-0.222 -0.500907
-0.22 -0.509041
-0.218 -0.517131
-0.216 -0.525175
-0.214 -0.533172
-0.212 -0.541121
-0.21 -0.549023
-0.208 -0.556876
-0.206 -0.564679
-0.204 -0.572432
-0.202 -0.580134
-0.2 -0.587785
-0.198 -0.595384
-0.196 -0.602929
-0.194 -0.610422
-0.192 -0.61786
-0.19 -0.625243
-0.188 -0.63257
-0.186 -0.639841
-0.184 -0.647056
-0.182 -0.654213
-0.18 -0.661312
-0.178 -0.668352
-0.176 -0.675333
-0.174 -0.682254
-0.172 -0.689114
-0.17 -0.695913
-0.168 -0.70265
-0.166 -0.709325
-0.164 -0.715936
-0.162 -0.722485
-0.16 -0.728969
-0.158 -0.735388
-0.156 -0.741742
-0.154 -0.74803
-0.152 -0.754251
-0.15 -0.760406
-0.148 -0.766493
-0.146 -0.772512
-0.144 -0.778462
-0.142 -0.784343
-0.14 -0.790155
-0.138 -0.795896
-0.136 -0.801567
-0.134 -0.807166
-0.132 -0.812694
-0.13 -0.81815
-0.128 -0.823532
-0.126 -0.828842
-0.124 -0.834078
-0.122 -0.83924
-0.12 -0.844328
-0.118 -0.84934
-0.116 -0.854277
-0.114 -0.859138
-0.112 -0.863923
-0.11 -0.868631
-0.108 -0.873262
-0.106 -0.877816
-0.104 -0.882291
-0.102 -0.886688
-0.1 -0.891006
-0.098 -0.895246
-0.096 -0.899405
-0.094 -0.903485
-0.092 -0.907484
-0.09 -0.911403
-0.088 -0.915241
-0.086 -0.918998
-0.084 -0.922673
-0.082 -0.926266
-0.08 -0.929776
-0.078 -0.933205
-0.076 -0.93655
-0.074 -0.939812
-0.072 -0.94299
-0.07 -0.946085
-0.068 -0.949096
-0.066 -0.952023
-0.064 -0.954864
-0.062 -0.957622
-0.06 -0.960294
-0.058 -0.96288
-0.056 -0.965382
-0.054 -0.967797
-0.052 -0.970126
-0.05 -0.97237
-0.048 -0.974527
-0.046 -0.976597
-0.044 -0.978581
-0.042 -0.980478
-0.04 -0.982287
-0.038 -0.98401
-0.036 -0.985644
-0.034 -0.987192
-0.032 -0.988652
-0.03 -0.990024
-0.028 -0.991308
-0.026 -0.992503
-0.024 -0.993611
-0.022 -0.994631
-0.02 -0.995562
-0.018 -0.996405
-0.016 -0.997159
-0.014 -0.997824
-0.012 -0.998401
-0.01 -0.99889
-0.008 -0.999289
-0.006 -0.9996
-0.004 -0.999822
-0.002 -0.999955
8.74301e-16 -1
0.002 -0.999955
0.004 -0.999822
0.006 -0.9996
0.008 -0.999289
0.01 -0.99889
0.012 -0.998401
0.014 -0.997824
0.016 -0.997159
0.018 -0.996405
0.02 -0.995562
0.022 -0.994631
0.024 -0.993611
0.026 -0.992503
0.028 -0.991308
0.03 -0.990024
0.032 -0.988652
0.034 -0.987192
0.036 -0.985645
0.038 -0.98401
0.04 -0.982287
0.042 -0.980478
0.044 -0.978581
0.046 -0.976597
0.048 -0.974527
0.05 -0.97237
0.052 -0.970127
0.054 -0.967797
0.056 -0.965382
0.058 -0.96288
0.06 -0.960294
0.062 -0.957622
0.064 -0.954864
0.066 -0.952023
0.068 -0.949096
0.07 -0.946085
0.072 -0.94299
0.074 -0.939812
0.076 -0.93655
0.078 -0.933205
0.08 -0.929776
0.082 -0.926266
0.084 -0.922673
0.086 -0.918998
0.088 -0.915241
0.09 -0.911403
0.092 -0.907484
0.094 -0.903485
0.096 -0.899405
0.098 -0.895246
0.1 -0.891006
0.102 -0.886688
0.104 -0.882291
0.106 -0.877816
0.108 -0.873262
0.11 -0.868631
0.112 -0.863923
0.114 -0.859139
0.116 -0.854277
0.118 -0.84934
0.12 -0.844328
0.122 -0.83924
0.124 -0.834078
0.126 -0.828842
0.128 -0.823533
0.13 -0.81815
0.132 -0.812694
0.134 -0.807166
0.136 -0.801567
0.138 -0.795896
0.14 -0.790155
0.142 -0.784343
0.144 -0.778462
0.146 -0.772512
0.148 -0.766493
0.15 -0.760406
0.152 -0.754251
0.154 -0.74803
0.156 -0.741742
0.158 -0.735388
0.16 -0.728969
0.162 -0.722485
0.164 -0.715936
0.166 -0.709325
0.168 -0.70265
0.17 -0.695913
0.172 -0.689114
0.174 -0.682254
0.176 -0.675333
0.178 -0.668352
0.18 -0.661312
0.182 -0.654213
0.184 -0.647056
0.186 -0.639841
0.188 -0.63257
0.19 -0.625243
0.192 -0.61786
0.194 -0.610422
0.196 -0.60293
0.198 -0.595384
0.2 -0.587785
0.202 -0.580134
0.204 -0.572432
0.206 -0.564679
0.208 -0.556876
0.21 -0.549023
0.212 -0.541121
0.214 -0.533172
0.216 -0.525175
0.218 -0.517131
0.22 -0.509041
0.222 -0.500907
0.224 -0.492727
0.226 -0.484504
0.228 -0.476238
0.23 -0.46793
0.232 -0.45958
0.234 -0.451189
0.236 -0.442758
0.238 -0.434288
0.24 -0.425779
0.242 -0.417233
0.244 -0.408649
0.246 -0.400029
0.248 -0.391374
0.25 -0.382683
0.252 -0.373959
0.254 -0.365202
0.256 -0.356412
0.258 -0.34759
0.26 -0.338738
0.262 -0.329855
0.264 -0.320944
0.266 -0.312003
0.268 -0.303035
0.27 -0.29404
0.272 -0.285019
0.274 -0.275973
0.276 -0.266902
0.278 -0.257807
0.28 -0.24869
0.282 -0.23955
0.284 -0.230389
0.286 -0.221208
0.288 -0.212007
0.29 -0.202787
0.292 -0.19355
0.294 -0.184295
0.296 -0.175023
0.298 -0.165736
0.3 -0.156435
0.302 -0.147119
0.304 -0.13779
0.306 -0.128449
0.308 -0.119097
0.31 -0.109734
0.312 -0.100362
0.314 -0.0909803
0.316 -0.0815907
0.318 -0.0721938
0.32 -0.0627906
0.322 -0.0533818
0.324 -0.0439682
0.326 -0.0345507
0.328 -0.0251302
0.33 -0.0157074
0.332 -0.00628322
0.334 0.00314151
0.336 0.012566
0.338 0.0219893
0.34 0.0314107
0.342 0.0408293
0.344 0.0502442
0.346 0.0596547
0.348 0.0690599
0.35 0.078459
0.352 0.0878511
0.354 0.0972354
0.356 0.106611
0.358 0.115977
0.36 0.125333
0.362 0.134678
0.364 0.144011
0.366 0.153331
0.368 0.162637
0.37 0.171929
0.372 0.181206
0.374 0.190466
0.376 0.19971
0.378 0.208936
0.38 0.218143
0.382 0.227331
0.384 0.236499
0.386 0.245646
0.388 0.254771
0.39 0.263873
0.392 0.272952
0.394 0.282006
0.396 0.291036
0.398 0.30004
0.4 0.309017
0.402 0.317967
0.404 0.326888
0.406 0.33578
0.408 0.344643
0.41 0.353475
0.412 0.362275
0.414 0.371044
0.416 0.379779
0.418 0.388481
0.42 0.397148
0.422 0.40578
0.424 0.414375
0.426 0.422934
0.428 0.431456
0.43 0.439939
0.432 0.448383
0.434 0.456787
0.436 0.465151
0.438 0.473473
0.44 0.481754
0.442 0.489991
0.444 0.498185
0.446 0.506335
0.448 0.514439
0.45 0.522498
0.452 0.530511
0.454 0.538477
0.456 0.546394
0.458 0.554263
0.46 0.562083
0.462 0.569853
0.464 0.577573
0.466 0.585241
0.468 0.592857
0.47 0.60042
0.472 0.60793
0.474 0.615386
0.476 0.622788
0.478 0.630134
0.48 0.637424
0.482 0.644657
0.484 0.651834
0.486 0.658952
0.488 0.666012
0.49 0.673012
0.492 0.679953
0.494 0.686834
0.496 0.693653
0.498 0.700411
0.5 0.707107
0.502 0.713739
0.504 0.720309
0.506 0.726814
0.508 0.733255
0.51 0.739631
0.512 0.745941
0.514 0.752185
0.516 0.758362
0.518 0.764471
0.52 0.770513
0.522 0.776486
0.524 0.782391
0.526 0.788225
0.528 0.79399
0.53 0.799685
0.532 0.805308
0.534 0.810859
0.536 0.816339
0.538 0.821746
0.54 0.82708
0.542 0.832341
0.544 0.837528
0.546 0.84264
0.548 0.847678
0.55 0.85264
0.552 0.857527
0.554 0.862337
0.556 0.867071
0.558 0.871727
0.56 0.876307
0.562 0.880808
0.564 0.885231
0.566 0.889576
0.568 0.893841
0.57 0.898027
0.572 0.902134
0.574 0.90616
0.576 0.910106
0.578 0.913971
0.58 0.917755
0.582 0.921457
0.584 0.925077
0.586 0.928615
0.588 0.932071
0.59 0.935444
0.592 0.938734
0.594 0.94194
0.596 0.945063
0.598 0.948102
0.6 0.951056
0.602 0.953927
0.604 0.956712
0.606 0.959412
0.608 0.962028
0.61 0.964557
0.612 0.967001
0.614 0.96936
0.616 0.971632
0.618 0.973817
0.62 0.975917
0.622 0.977929
0.624 0.979855
0.626 0.981694
0.628 0.983445
0.63 0.985109
0.632 0.986686
0.634 0.988175
0.636 0.989576
0.638 0.990889
0.64 0.992115
0.642 0.993252
0.644 0.994301
0.646 0.995261
0.648 0.996134
0.65 0.996917
0.652 0.997612
0.654 0.998219
0.656 0.998737
0.658 0.999166
0.66 0.999506
0.662 0.999758
0.664 0.999921
0.666 0.999995
0.668 0.99998
0.67 0.999877
0.672 0.999684
0.674 0.999403
0.676 0.999033
0.678 0.998574
0.68 0.998027
0.682 0.997391
0.684 0.996666
0.686 0.995853
0.688 0.994951
0.69 0.993961
0.692 0.992883
0.694 0.991716
0.696 0.990461
0.698 0.989119
0.7 0.987688
0.702 0.98617
0.704 0.984564
0.706 0.982871
0.708 0.98109
0.71 0.979223
0.712 0.977268
0.714 0.975227
0.716 0.973098
0.718 0.970884
0.72 0.968583
0.722 0.966196
0.724 0.963724
0.726 0.961165
0.728 0.958522
0.73 0.955793
0.732 0.952979
0.734 0.950081
0.736 0.947098
0.738 0.944031
0.74 0.940881
0.742 0.937646
0.744 0.934329
0.746 0.930928
0.748 0.927445
0.75 0.923879
0.752 0.920232
0.754 0.916502
0.756 0.912692
0.758 0.9088
0.76 0.904827
0.762 0.900774
0.764 0.896641
0.766 0.892428
0.768 0.888136
0.77 0.883766
0.772 0.879316
0.774 0.874789
0.776 0.870184
0.778 0.865501
0.78 0.860742
0.782 0.855906
0.784 0.850994
0.786 0.846007
0.788 0.840945
0.79 0.835807
0.792 0.830596
0.794 0.825311
0.796 0.819952
0.798 0.814521
0.8 0.809017
0.802 0.803441
0.804 0.797794
0.806 0.792077
0.808 0.786288
0.81 0.78043
0.812 0.774503
0.814 0.768507
0.816 0.762443
0.818 0.75631
0.82 0.750111
0.822 0.743845
0.824 0.737513
0.826 0.731116
0.828 0.724653
0.83 0.718126
0.832 0.711536
0.834 0.704882
0.836 0.698165
0.838 0.691387
0.84 0.684547
0.842 0.677646
0.844 0.670686
0.846 0.663665
0.848 0.656586
0.85 0.649448
0.852 0.642253
0.854 0.635
0.856 0.627691
0.858 0.620327
0.86 0.612907
0.862 0.605433
0.864 0.597905
0.866 0.590324
0.868 0.582691
0.87 0.575005
0.872 0.567269
0.874 0.559482
0.876 0.551646
0.878 0.543761
0.88 0.535827
0.882 0.527846
0.884 0.519817
0.886 0.511743
0.888 0.503623
0.89 0.495459
0.892 0.48725
0.894 0.478998
0.896 0.470704
0.898 0.462368
0.9 0.453991
0.902 0.445573
0.904 0.437116
0.906 0.42862
0.908 0.420086
0.91 0.411514
0.912 0.402906
0.914 0.394263
0.916 0.385584
0.918 0.376871
0.92 0.368125
0.922 0.359345
0.924 0.350534
0.926 0.341692
0.928 0.33282
0.93 0.323917
0.932 0.314987
0.934 0.306028
0.936 0.297042
0.938 0.288029
0.94 0.278991
0.942 0.269928
0.944 0.260842
0.946 0.251732
0.948 0.242599
0.95 0.233445
0.952 0.224271
0.954 0.215076
0.956 0.205863
0.958 0.196631
0.96 0.187381
0.962 0.178115
0.964 0.168834
0.966 0.159537
0.968 0.150226
0.97 0.140901
0.972 0.131564
0.974 0.122216
0.976 0.112856
0.978 0.103487
0.98 0.0941084
0.982 0.0847214
0.984 0.0753269
0.986 0.0659257
0.988 0.0565186
0.99 0.0471066
0.992 0.0376903
0.994 0.0282707
0.996 0.0188486
0.998 0.00942475
1 1.16876e-07
